<?xml version="1.0" encoding="UTF-8"?>
<!-- Generated by org.testng.reporters.JUnitReportReporter -->
<testsuite hostname="Affan" failures="0" tests="2" name="com.orangeHRM.tests.LoginPageTest" time="24.212" errors="0" timestamp="2025-10-23T09:32:20 IST" skipped="0">
  <testcase classname="com.orangeHRM.tests.LoginPageTest" name="invalidLoginTest" time="8.873"/>
  <testcase classname="com.orangeHRM.tests.LoginPageTest" name="verifyValidLoginTest" time="15.339"/>
</testsuite> <!-- com.orangeHRM.tests.LoginPageTest -->
