<?xml version="1.0" encoding="UTF-8"?>
<!-- Generated by org.testng.reporters.JUnitReportReporter -->
<testsuite hostname="Affan" failures="0" tests="1" name="com.orangeHRM.tests.LoginPageTest" time="15.925" errors="0" timestamp="2025-10-22T16:51:03 IST" skipped="0">
  <testcase classname="com.orangeHRM.tests.LoginPageTest" name="verifyValidLoginTest" time="15.925"/>
</testsuite> <!-- com.orangeHRM.tests.LoginPageTest -->
