<?xml version="1.0" encoding="UTF-8"?>
<!-- Generated by org.testng.reporters.JUnitReportReporter -->
<testsuite hostname="Affan" failures="0" tests="2" name="com.orangeHRM.tests.HomePageTest" time="28.266" errors="0" timestamp="2025-10-27T20:11:57 IST" skipped="0">
  <testcase classname="com.orangeHRM.tests.HomePageTest" name="verifyOrangeHRMlogo" time="14.501"/>
  <testcase classname="com.orangeHRM.tests.HomePageTest" name="verifyOrangeHRMlogo" time="13.765"/>
</testsuite> <!-- com.orangeHRM.tests.HomePageTest -->
