<?xml version="1.0" encoding="UTF-8"?>
<!-- Generated by org.testng.reporters.JUnitReportReporter -->
<testsuite hostname="Affan" failures="0" tests="1" name="com.orangeHRM.tests.LoginPageTest" time="36.862" errors="0" timestamp="2025-10-23T19:16:39 IST" skipped="0">
  <testcase classname="com.orangeHRM.tests.LoginPageTest" name="invalidLoginTest" time="36.862"/>
</testsuite> <!-- com.orangeHRM.tests.LoginPageTest -->
