<?xml version="1.0" encoding="UTF-8"?>
<!-- Generated by org.testng.reporters.JUnitReportReporter -->
<testsuite hostname="Affan" failures="0" tests="1" name="com.orangeHRM.tests.HomePageTest" time="14.561" errors="0" timestamp="2025-10-25T16:46:14 IST" skipped="0">
  <testcase classname="com.orangeHRM.tests.HomePageTest" name="verifyOrangeHRMlogo" time="14.561"/>
</testsuite> <!-- com.orangeHRM.tests.HomePageTest -->
