<?xml version="1.0" encoding="UTF-8"?>
<!-- Generated by org.testng.reporters.JUnitReportReporter -->
<testsuite hostname="Affan" failures="0" tests="1" name="com.orangeHRM.tests.DummyClass" time="13.722" errors="0" timestamp="2025-10-24T18:16:03 IST" skipped="0">
  <testcase classname="com.orangeHRM.tests.DummyClass" name="dummyTest" time="13.722"/>
</testsuite> <!-- com.orangeHRM.tests.DummyClass -->
