<?xml version="1.0" encoding="UTF-8"?>
<!-- Generated by org.testng.reporters.JUnitReportReporter -->
<testsuite hostname="Affan" failures="0" tests="2" name="com.orangeHRM.tests.LoginPageTest" time="26.223" errors="0" timestamp="2025-10-24T11:35:48 IST" skipped="0">
  <testcase classname="com.orangeHRM.tests.LoginPageTest" name="invalidLoginTest" time="8.990"/>
  <testcase classname="com.orangeHRM.tests.LoginPageTest" name="verifyValidLoginTest" time="17.233"/>
</testsuite> <!-- com.orangeHRM.tests.LoginPageTest -->
