<?xml version="1.0" encoding="UTF-8"?>
<!-- Generated by org.testng.reporters.JUnitReportReporter -->
<testsuite hostname="Affan" failures="0" tests="2" name="com.orangeHRM.tests.LoginPageTest" time="31.666" errors="0" timestamp="2025-10-24T18:16:03 IST" skipped="0">
  <testcase classname="com.orangeHRM.tests.LoginPageTest" name="invalidLoginTest" time="17.821"/>
  <testcase classname="com.orangeHRM.tests.LoginPageTest" name="verifyValidLoginTest" time="13.845"/>
</testsuite> <!-- com.orangeHRM.tests.LoginPageTest -->
