<?xml version="1.0" encoding="UTF-8"?>
<!-- Generated by org.testng.reporters.JUnitReportReporter -->
<testsuite hostname="Affan" failures="0" tests="1" name="com.orangeHRM.tests.LoginPageTest" time="8.475" errors="0" timestamp="2025-10-22T18:14:35 IST" skipped="0">
  <testcase classname="com.orangeHRM.tests.LoginPageTest" name="invalidLoginTest" time="8.475"/>
</testsuite> <!-- com.orangeHRM.tests.LoginPageTest -->
