<?xml version="1.0" encoding="UTF-8"?>
<!-- Generated by org.testng.reporters.JUnitReportReporter -->
<testsuite hostname="Affan" failures="0" tests="1" name="com.orangeHRM.tests.DummyClass" time="8.427" errors="0" timestamp="2025-10-21T15:04:38 IST" skipped="0">
  <testcase classname="com.orangeHRM.tests.DummyClass" name="dummyTest" time="8.427"/>
</testsuite> <!-- com.orangeHRM.tests.DummyClass -->
