<?xml version="1.0" encoding="UTF-8"?>
<!-- Generated by org.testng.reporters.JUnitReportReporter -->
<testsuite hostname="Affan" failures="0" tests="2" name="com.orangeHRM.tests.LoginPageTest" time="42.751" errors="0" timestamp="2025-10-24T18:13:07 IST" skipped="0">
  <testcase classname="com.orangeHRM.tests.LoginPageTest" name="invalidLoginTest" time="13.896"/>
  <testcase classname="com.orangeHRM.tests.LoginPageTest" name="verifyValidLoginTest" time="28.855"/>
</testsuite> <!-- com.orangeHRM.tests.LoginPageTest -->
