<?xml version="1.0" encoding="UTF-8"?>
<!-- Generated by org.testng.reporters.JUnitReportReporter -->
<testsuite hostname="Affan" failures="0" tests="1" name="com.orangeHRM.tests.HomePageTest" time="11.896" errors="0" timestamp="2025-10-24T11:35:48 IST" skipped="0">
  <testcase classname="com.orangeHRM.tests.HomePageTest" name="verifyOrangeHRMlogo" time="11.896"/>
</testsuite> <!-- com.orangeHRM.tests.HomePageTest -->
