<?xml version="1.0" encoding="UTF-8"?>
<!-- Generated by org.testng.reporters.JUnitReportReporter -->
<testsuite hostname="Affan" failures="0" tests="1" name="com.orangeHRM.tests.HomePageTest" time="10.358" errors="0" timestamp="2025-10-22T18:39:59 IST" skipped="0">
  <testcase classname="com.orangeHRM.tests.HomePageTest" name="verifyOrangeHRMlogo" time="10.358"/>
</testsuite> <!-- com.orangeHRM.tests.HomePageTest -->
