<?xml version="1.0" encoding="UTF-8"?>
<!-- Generated by org.testng.reporters.JUnitReportReporter -->
<testsuite hostname="Affan" failures="0" tests="1" name="com.orangeHRM.tests.DummyClass" time="20.822" errors="0" timestamp="2025-10-25T15:09:07 IST" skipped="1">
  <testcase classname="com.orangeHRM.tests.DummyClass" name="dummyTest" time="20.822">
    <skipped/>
  </testcase> <!-- dummyTest -->
</testsuite> <!-- com.orangeHRM.tests.DummyClass -->
